<?xml version="1.0" encoding="UTF-8"?>
<!-- Generated by org.testng.reporters.JUnitXMLReporter -->
<testsuite ignored="0" hostname="DESKTOP-9TSO38K" failures="2" tests="29" name="Run on CHROME" time="181.066" errors="0" timestamp="17 Oct 2022 11:03:00 GMT">
  <testcase classname="com.gigsberg.regression.Testcase_Theatre_Regression" name="TC_01_Theatre_Comedy" time="2.08"/>
  <testcase classname="com.gigsberg.regression.Testcase_Theatre_Regression" name="TC_02_Theatre_Ballet_Dance" time="1.706"/>
  <testcase classname="com.gigsberg.regression.Testcase_Theatre_Regression" name="TC_03_Theatre_Classical" time="2.165"/>
  <testcase classname="com.gigsberg.regression.Testcase_Theatre_Regression" name="TC_04_Theatre_Shows" time="2.173"/>
  <testcase classname="com.gigsberg.regression.Testcase_Theatre_Regression" name="TC_05_Theatre_Conferences_Speaking_Tour" time="1.106"/>
  <testcase classname="com.gigsberg.regression.Testcase_Theatre_Regression" name="TC_06_Theatre_All_Theatre" time="1.059"/>
  <testcase classname="com.gigsberg.regression.Testcase_Concerts_Regression" name="TC_01_Concerts_Rock" time="1.323"/>
  <testcase classname="com.gigsberg.regression.Testcase_Concerts_Regression" name="TC_02_Concerts_Pop" time="2.555"/>
  <testcase classname="com.gigsberg.regression.Testcase_Concerts_Regression" name="TC_03_Concerts_R_and_B" time="9.987">
    <failure type="org.openqa.selenium.TimeoutException" message="Expected condition failed: waiting for visibility of element located by By.xpath: //h1[@class=&amp;apos;concert_sub_title&amp;apos; and text()=&amp;apos;R&amp;amp;B Tickets&amp;apos;] (tried for 5 second(s) with 500 milliseconds interval)">
      <![CDATA[org.openqa.selenium.TimeoutException: Expected condition failed: waiting for visibility of element located by By.xpath: //h1[@class='concert_sub_title' and text()='R&B Tickets'] (tried for 5 second(s) with 500 milliseconds interval)
at org.openqa.selenium.support.ui.WebDriverWait.timeoutException(WebDriverWait.java:113)
at org.openqa.selenium.support.ui.FluentWait.until(FluentWait.java:283)
at commons.BasePage.waitForElementVisible(BasePage.java:403)
at pageObjects.HomePageObject.getConcertSubTitle(HomePageObject.java:27)
at com.gigsberg.regression.Testcase_Concerts_Regression.TC_03_Concerts_R_and_B(Testcase_Concerts_Regression.java:77)
Caused by: org.openqa.selenium.NoSuchElementException: Cannot locate an element using By.xpath: //h1[@class='concert_sub_title' and text()='R&B Tickets']
For documentation on this error, please visit: http://seleniumhq.org/exceptions/no_such_element.html
Build info: version: '3.14.0', revision: 'aacccce0', time: '2018-08-02T20:19:58.91Z'
System info: host: 'DESKTOP-9TSO38K', ip: '192.168.0.10', os.name: 'Windows 10', os.arch: 'amd64', os.version: '10.0', java.version: '17.0.2'
Driver info: driver.version: unknown
at org.openqa.selenium.support.ui.ExpectedConditions.lambda$findElement$0(ExpectedConditions.java:896)
at java.base/java.util.Optional.orElseThrow(Optional.java:403)
at org.openqa.selenium.support.ui.ExpectedConditions.findElement(ExpectedConditions.java:895)
at org.openqa.selenium.support.ui.ExpectedConditions.access$000(ExpectedConditions.java:44)
at org.openqa.selenium.support.ui.ExpectedConditions$7.apply(ExpectedConditions.java:206)
at org.openqa.selenium.support.ui.ExpectedConditions$7.apply(ExpectedConditions.java:202)
at org.openqa.selenium.support.ui.FluentWait.until(FluentWait.java:260)
... 28 more
... Removed 25 stack frames]]>
    </failure>
  </testcase> <!-- TC_03_Concerts_R_and_B -->
  <testcase classname="com.gigsberg.regression.Testcase_Concerts_Regression" name="TC_04_Concerts_HardRockMetal" time="2.421"/>
  <testcase classname="com.gigsberg.regression.Testcase_Concerts_Regression" name="TC_05_Concerts_Rap" time="1.918"/>
  <testcase classname="com.gigsberg.regression.Testcase_Concerts_Regression" name="TC_06_Concerts_HipHopReggae" time="1.363"/>
  <testcase classname="com.gigsberg.regression.Testcase_Concerts_Regression" name="TC_07_Concerts_Alternative_Indie" time="1.783"/>
  <testcase classname="com.gigsberg.regression.Testcase_Concerts_Regression" name="TC_08_Concerts_All_Concerts" time="1.429"/>
  <testcase classname="com.gigsberg.regression.Testcase_Concerts_Regression" name="TC_09_Concerts_Rock_And_Pop" time="2.373"/>
  <testcase classname="com.gigsberg.regression.Testcase_Sports_Regression" name="TC_01_Sports_Football" time="1.722"/>
  <testcase classname="com.gigsberg.regression.Testcase_Sports_Regression" name="TC_02_Sports_Rugby" time="3.867"/>
  <testcase classname="com.gigsberg.regression.Testcase_Sports_Regression" name="TC_03_Sports_Darts" time="4.823"/>
  <testcase classname="com.gigsberg.regression.Testcase_Sports_Regression" name="TC_04_Sports_Tennis" time="4.082"/>
  <testcase classname="com.gigsberg.regression.Testcase_Sports_Regression" name="TC_05_Sports_American_Football" time="2.514"/>
  <testcase classname="com.gigsberg.regression.Testcase_Sports_Regression" name="TC_06_Sports_WWE" time="6.237">
    <failure type="org.openqa.selenium.TimeoutException" message="Expected condition failed: waiting for visibility of element located by By.xpath: //h1[@class=&amp;apos;concert_sub_title&amp;apos; and text()=&amp;apos;WWE Tickets&amp;apos;] (tried for 5 second(s) with 500 milliseconds interval)">
      <![CDATA[org.openqa.selenium.TimeoutException: Expected condition failed: waiting for visibility of element located by By.xpath: //h1[@class='concert_sub_title' and text()='WWE Tickets'] (tried for 5 second(s) with 500 milliseconds interval)
at org.openqa.selenium.support.ui.WebDriverWait.timeoutException(WebDriverWait.java:113)
at org.openqa.selenium.support.ui.FluentWait.until(FluentWait.java:283)
at commons.BasePage.waitForElementVisible(BasePage.java:403)
at pageObjects.HomePageObject.getConcertSubTitle(HomePageObject.java:27)
at com.gigsberg.regression.Testcase_Sports_Regression.TC_06_Sports_WWE(Testcase_Sports_Regression.java:121)
Caused by: org.openqa.selenium.NoSuchElementException: Cannot locate an element using By.xpath: //h1[@class='concert_sub_title' and text()='WWE Tickets']
For documentation on this error, please visit: http://seleniumhq.org/exceptions/no_such_element.html
Build info: version: '3.14.0', revision: 'aacccce0', time: '2018-08-02T20:19:58.91Z'
System info: host: 'DESKTOP-9TSO38K', ip: '192.168.0.10', os.name: 'Windows 10', os.arch: 'amd64', os.version: '10.0', java.version: '17.0.2'
Driver info: driver.version: unknown
at org.openqa.selenium.support.ui.ExpectedConditions.lambda$findElement$0(ExpectedConditions.java:896)
at java.base/java.util.Optional.orElseThrow(Optional.java:403)
at org.openqa.selenium.support.ui.ExpectedConditions.findElement(ExpectedConditions.java:895)
at org.openqa.selenium.support.ui.ExpectedConditions.access$000(ExpectedConditions.java:44)
at org.openqa.selenium.support.ui.ExpectedConditions$7.apply(ExpectedConditions.java:206)
at org.openqa.selenium.support.ui.ExpectedConditions$7.apply(ExpectedConditions.java:202)
at org.openqa.selenium.support.ui.FluentWait.until(FluentWait.java:260)
... 28 more
... Removed 25 stack frames]]>
    </failure>
  </testcase> <!-- TC_06_Sports_WWE -->
  <testcase classname="com.gigsberg.regression.Testcase_Sports_Regression" name="TC_07_Sports_LaLiga_Tickets" time="1.67"/>
  <testcase classname="com.gigsberg.regression.Testcase_Sports_Regression" name="TC_08_Sports_All_Sports" time="2.954"/>
  <testcase classname="com.gigsberg.regression.Testcase_Festivals_Regression" name="TC_01_Festivals_United_Kingdom" time="5.394"/>
  <testcase classname="com.gigsberg.regression.Testcase_Festivals_Regression" name="TC_02_Festivals_International_Festivals" time="4.128"/>
  <testcase classname="com.gigsberg.regression.Testcase_Festivals_Regression" name="TC_03_Festivals_Spain" time="3.459"/>
  <testcase classname="com.gigsberg.regression.Testcase_Festivals_Regression" name="TC_04_Festivals_Australia" time="4.135"/>
  <testcase classname="com.gigsberg.regression.Testcase_Festivals_Regression" name="TC_05_Festivals_Netherlands" time="0.0"/>
  <testcase classname="com.gigsberg.regression.Testcase_Festivals_Regression" name="TC_06_Festivals_All_Festivals" time="0.001"/>
</testsuite> <!-- Run on CHROME -->
